Mon Jun 24 18:06:29 IST 2024  [debug] AvalonLogSystem initialized using logfile 'velocity.log'
Mon Jun 24 18:06:29 IST 2024   [info] ************************************************************** 
Mon Jun 24 18:06:29 IST 2024   [info] Starting Jakarta Velocity v1.3.1
Mon Jun 24 18:06:29 IST 2024   [info] RuntimeInstance initializing.
Mon Jun 24 18:06:29 IST 2024   [info] Default Properties File: org/apache/velocity/runtime/defaults/velocity.properties
Mon Jun 24 18:06:29 IST 2024   [info] Trying to use logger class org.apache.velocity.runtime.log.AvalonLogSystem
Mon Jun 24 18:06:29 IST 2024   [info] Using logger class org.apache.velocity.runtime.log.AvalonLogSystem
Mon Jun 24 18:06:29 IST 2024   [info] Default ResourceManager initializing. (class org.apache.velocity.runtime.resource.ResourceManagerImpl)
Mon Jun 24 18:06:29 IST 2024   [info] Resource Loader Instantiated: test.DDTemplateFileLoader
Mon Jun 24 18:06:29 IST 2024   [info] ResourceCache : initialized. (class org.apache.velocity.runtime.resource.ResourceCacheImpl)
Mon Jun 24 18:06:29 IST 2024   [info] Default ResourceManager initialization complete.
Mon Jun 24 18:06:29 IST 2024   [info] Loaded System Directive: org.apache.velocity.runtime.directive.Literal
Mon Jun 24 18:06:29 IST 2024   [info] Loaded System Directive: org.apache.velocity.runtime.directive.Macro
Mon Jun 24 18:06:29 IST 2024   [info] Loaded System Directive: org.apache.velocity.runtime.directive.Parse
Mon Jun 24 18:06:29 IST 2024   [info] Loaded System Directive: org.apache.velocity.runtime.directive.Include
Mon Jun 24 18:06:29 IST 2024   [info] Loaded System Directive: org.apache.velocity.runtime.directive.Foreach
Mon Jun 24 18:06:29 IST 2024   [info] Created: 20 parsers.
Mon Jun 24 18:06:29 IST 2024   [info] Velocimacro : initialization starting.
Mon Jun 24 18:06:29 IST 2024   [info] Velocimacro : adding VMs from VM library template : VM_global_library.vm
Mon Jun 24 18:06:29 IST 2024  [error] ResourceManager : unable to find resource 'VM_global_library.vm' in any resource loader.
Mon Jun 24 18:06:29 IST 2024   [info] Velocimacro : error using  VM library template VM_global_library.vm : org.apache.velocity.exception.ResourceNotFoundException: Unable to find resource 'VM_global_library.vm'
Mon Jun 24 18:06:29 IST 2024   [info] Velocimacro :  VM library template macro registration complete.
Mon Jun 24 18:06:29 IST 2024   [info] Velocimacro : allowInline = true : VMs can be defined inline in templates
Mon Jun 24 18:06:29 IST 2024   [info] Velocimacro : allowInlineToOverride = false : VMs defined inline may NOT replace previous VM definitions
Mon Jun 24 18:06:29 IST 2024   [info] Velocimacro : allowInlineLocal = false : VMs defined inline will be  global in scope if allowed.
Mon Jun 24 18:06:29 IST 2024   [info] Velocimacro : messages on  : VM system will output logging messages
Mon Jun 24 18:06:29 IST 2024   [info] Velocimacro : autoload off  : VM system will not automatically reload global library macros
Mon Jun 24 18:06:29 IST 2024   [info] Velocimacro : initialization complete.
Mon Jun 24 18:06:29 IST 2024   [info] Velocity successfully started.
Mon Jun 24 18:06:29 IST 2024   [info] ResourceManager : found /home/sharan-pt-7373/Documents/GitHub/CSKBankingApplication/build/..//temp/dependencies/ddtool/build_tools/conf/ClassTemplate.vtl with loader test.DDTemplateFileLoader
